Build started 29-01-2024 10:15:00.
     1>Project "C:\Users\Lenovo\documents\visual studio 2010\Projects\Simple_Calculator\Simple_Calculator\Simple_Calculator.vcxproj" on node 2 (build target(s)).
     1>InitializeBuildStatus:
         Creating "Debug\Simple_Calculator.unsuccessfulbuild" because "AlwaysCreate" was specified.
       GenerateTargetFrameworkMonikerAttribute:
       Skipping target "GenerateTargetFrameworkMonikerAttribute" because all output files are up-to-date with respect to the input files.
       ClCompile:
         All outputs are up-to-date.
         C:\Program Files (x86)\Microsoft Visual Studio 10.0\VC\bin\CL.exe /c /AI"C:\Program Files (x86)\Reference Assemblies\Microsoft\Framework\.NETFramework\v4.0" /Zi /clr:pure /nologo /W3 /WX- /Od /Oy- /D WIN32 /D _DEBUG /D _UNICODE /D UNICODE /EHa /MDd /GS /fp:precise /Zc:wchar_t /Zc:forScope /Yu"StdAfx.h" /Fp"Debug\Simple_Calculator.pch" /Fo"Debug\\" /Fd"Debug\vc100.pdb" /TP /FU"C:\Program Files (x86)\Reference Assemblies\Microsoft\Framework\.NETFramework\v4.0\System.Core.dll" /FU"C:\Program Files (x86)\Reference Assemblies\Microsoft\Framework\.NETFramework\v4.0\System.Data.dll" /FU"C:\Program Files (x86)\Reference Assemblies\Microsoft\Framework\.NETFramework\v4.0\System.dll" /FU"C:\Program Files (x86)\Reference Assemblies\Microsoft\Framework\.NETFramework\v4.0\System.Drawing.dll" /FU"C:\Program Files (x86)\Reference Assemblies\Microsoft\Framework\.NETFramework\v4.0\System.Windows.Forms.dll" /FU"C:\Program Files (x86)\Reference Assemblies\Microsoft\Framework\.NETFramework\v4.0\System.Xml.dll" /analyze- /errorReport:prompt 210101048_Assignment1C.cpp /clr:nostdlib 
         210101048_Assignment1C.cpp
         All outputs are up-to-date.
       CoreResGen:
         No resources are out of date with respect to their source files. Skipping resource generation.
       ResourceCompile:
         All outputs are up-to-date.
       Link:
         C:\Program Files (x86)\Microsoft Visual Studio 10.0\VC\bin\link.exe /ERRORREPORT:PROMPT /OUT:"C:\Users\Lenovo\documents\visual studio 2010\Projects\Simple_Calculator\Debug\Simple_Calculator.exe" /INCREMENTAL /NOLOGO /ASSEMBLYRESOURCE:Debug\Simple_Calculator.Form1.resources /MANIFEST /ManifestFile:"Debug\Simple_Calculator.exe.intermediate.manifest" /MANIFESTUAC:"level='asInvoker' uiAccess='false'" /DEBUG /PDB:"C:\Users\Lenovo\documents\visual studio 2010\Projects\Simple_Calculator\Debug\Simple_Calculator.pdb" /ASSEMBLYDEBUG /SUBSYSTEM:WINDOWS /TLBID:1 /ENTRY:"main" /DYNAMICBASE /FIXED:NO /NXCOMPAT /MACHINE:X86 Debug\app.res
         Debug\AssemblyInfo.obj
         Debug\210101048_Assignment1C.obj
         Debug\stdafx.obj
         "Debug\.NETFramework,Version=v4.0.AssemblyAttributes.obj"
         Simple_Calculator.vcxproj -> C:\Users\Lenovo\documents\visual studio 2010\Projects\Simple_Calculator\Debug\Simple_Calculator.exe
       Manifest:
         C:\Program Files (x86)\Microsoft SDKs\Windows\v7.0A\bin\mt.exe /nologo /verbose /outputresource:"C:\Users\Lenovo\documents\visual studio 2010\Projects\Simple_Calculator\Debug\Simple_Calculator.exe;#1" /manifest Debug\Simple_Calculator.exe.intermediate.manifest
       FinalizeBuildStatus:
         Deleting file "Debug\Simple_Calculator.unsuccessfulbuild".
         Touching "Debug\Simple_Calculator.lastbuildstate".
     1>Done Building Project "C:\Users\Lenovo\documents\visual studio 2010\Projects\Simple_Calculator\Simple_Calculator\Simple_Calculator.vcxproj" (build target(s)).

Build succeeded.

Time Elapsed 00:00:02.01
