C:\USERS\LENOVO\DOCUMENTS\VISUAL STUDIO 2010\PROJECTS\SIMPLE_CALCULATOR\DEBUG\SIMPLE_CALCULATOR.EXE
C:\USERS\LENOVO\DOCUMENTS\VISUAL STUDIO 2010\PROJECTS\SIMPLE_CALCULATOR\DEBUG\SIMPLE_CALCULATOR.ILK
C:\USERS\LENOVO\DOCUMENTS\VISUAL STUDIO 2010\PROJECTS\SIMPLE_CALCULATOR\DEBUG\SIMPLE_CALCULATOR.PDB
C:\USERS\LENOVO\DOCUMENTS\VISUAL STUDIO 2010\PROJECTS\SIMPLE_CALCULATOR\SIMPLE_CALCULATOR\DEBUG\.NETFRAMEWORK,VERSION=V4.0.ASSEMBLYATTRIBUTES.OBJ
C:\USERS\LENOVO\DOCUMENTS\VISUAL STUDIO 2010\PROJECTS\SIMPLE_CALCULATOR\SIMPLE_CALCULATOR\DEBUG\APP.RES
C:\USERS\LENOVO\DOCUMENTS\VISUAL STUDIO 2010\PROJECTS\SIMPLE_CALCULATOR\SIMPLE_CALCULATOR\DEBUG\ASSEMBLYINFO.OBJ
C:\Users\Lenovo\documents\visual studio 2010\Projects\Simple_Calculator\Simple_Calculator\Debug\cl.command.1.tlog
C:\Users\Lenovo\documents\visual studio 2010\Projects\Simple_Calculator\Simple_Calculator\Debug\CL.read.1.tlog
C:\Users\Lenovo\documents\visual studio 2010\Projects\Simple_Calculator\Simple_Calculator\Debug\CL.write.1.tlog
C:\Users\Lenovo\documents\visual studio 2010\Projects\Simple_Calculator\Simple_Calculator\Debug\link.1144.read.1.tlog
C:\Users\Lenovo\documents\visual studio 2010\Projects\Simple_Calculator\Simple_Calculator\Debug\link.1144.write.1.tlog
C:\Users\Lenovo\documents\visual studio 2010\Projects\Simple_Calculator\Simple_Calculator\Debug\link.1144-cvtres.read.1.tlog
C:\Users\Lenovo\documents\visual studio 2010\Projects\Simple_Calculator\Simple_Calculator\Debug\link.1144-cvtres.write.1.tlog
C:\Users\Lenovo\documents\visual studio 2010\Projects\Simple_Calculator\Simple_Calculator\Debug\link.1148.read.1.tlog
C:\Users\Lenovo\documents\visual studio 2010\Projects\Simple_Calculator\Simple_Calculator\Debug\link.1148.write.1.tlog
C:\Users\Lenovo\documents\visual studio 2010\Projects\Simple_Calculator\Simple_Calculator\Debug\link.1148-cvtres.read.1.tlog
C:\Users\Lenovo\documents\visual studio 2010\Projects\Simple_Calculator\Simple_Calculator\Debug\link.1148-cvtres.write.1.tlog
C:\Users\Lenovo\documents\visual studio 2010\Projects\Simple_Calculator\Simple_Calculator\Debug\link.13804.read.1.tlog
C:\Users\Lenovo\documents\visual studio 2010\Projects\Simple_Calculator\Simple_Calculator\Debug\link.13804.write.1.tlog
C:\Users\Lenovo\documents\visual studio 2010\Projects\Simple_Calculator\Simple_Calculator\Debug\link.13804-cvtres.read.1.tlog
C:\Users\Lenovo\documents\visual studio 2010\Projects\Simple_Calculator\Simple_Calculator\Debug\link.13804-cvtres.write.1.tlog
C:\Users\Lenovo\documents\visual studio 2010\Projects\Simple_Calculator\Simple_Calculator\Debug\link.15800.read.1.tlog
C:\Users\Lenovo\documents\visual studio 2010\Projects\Simple_Calculator\Simple_Calculator\Debug\link.15800.write.1.tlog
C:\Users\Lenovo\documents\visual studio 2010\Projects\Simple_Calculator\Simple_Calculator\Debug\link.15800-cvtres.read.1.tlog
C:\Users\Lenovo\documents\visual studio 2010\Projects\Simple_Calculator\Simple_Calculator\Debug\link.15800-cvtres.write.1.tlog
C:\Users\Lenovo\documents\visual studio 2010\Projects\Simple_Calculator\Simple_Calculator\Debug\link.16248.read.1.tlog
C:\Users\Lenovo\documents\visual studio 2010\Projects\Simple_Calculator\Simple_Calculator\Debug\link.16248.write.1.tlog
C:\Users\Lenovo\documents\visual studio 2010\Projects\Simple_Calculator\Simple_Calculator\Debug\link.16248-cvtres.read.1.tlog
C:\Users\Lenovo\documents\visual studio 2010\Projects\Simple_Calculator\Simple_Calculator\Debug\link.16248-cvtres.write.1.tlog
C:\Users\Lenovo\documents\visual studio 2010\Projects\Simple_Calculator\Simple_Calculator\Debug\link.18524.read.1.tlog
C:\Users\Lenovo\documents\visual studio 2010\Projects\Simple_Calculator\Simple_Calculator\Debug\link.18524.write.1.tlog
C:\Users\Lenovo\documents\visual studio 2010\Projects\Simple_Calculator\Simple_Calculator\Debug\link.18524-cvtres.read.1.tlog
C:\Users\Lenovo\documents\visual studio 2010\Projects\Simple_Calculator\Simple_Calculator\Debug\link.18524-cvtres.write.1.tlog
C:\Users\Lenovo\documents\visual studio 2010\Projects\Simple_Calculator\Simple_Calculator\Debug\link.22804.read.1.tlog
C:\Users\Lenovo\documents\visual studio 2010\Projects\Simple_Calculator\Simple_Calculator\Debug\link.22804.write.1.tlog
C:\Users\Lenovo\documents\visual studio 2010\Projects\Simple_Calculator\Simple_Calculator\Debug\link.22804-cvtres.read.1.tlog
C:\Users\Lenovo\documents\visual studio 2010\Projects\Simple_Calculator\Simple_Calculator\Debug\link.22804-cvtres.write.1.tlog
C:\Users\Lenovo\documents\visual studio 2010\Projects\Simple_Calculator\Simple_Calculator\Debug\link.24200.read.1.tlog
C:\Users\Lenovo\documents\visual studio 2010\Projects\Simple_Calculator\Simple_Calculator\Debug\link.24200.write.1.tlog
C:\Users\Lenovo\documents\visual studio 2010\Projects\Simple_Calculator\Simple_Calculator\Debug\link.24200-cvtres.read.1.tlog
C:\Users\Lenovo\documents\visual studio 2010\Projects\Simple_Calculator\Simple_Calculator\Debug\link.24200-cvtres.write.1.tlog
C:\Users\Lenovo\documents\visual studio 2010\Projects\Simple_Calculator\Simple_Calculator\Debug\link.24508.read.1.tlog
C:\Users\Lenovo\documents\visual studio 2010\Projects\Simple_Calculator\Simple_Calculator\Debug\link.24508.write.1.tlog
C:\Users\Lenovo\documents\visual studio 2010\Projects\Simple_Calculator\Simple_Calculator\Debug\link.24508-cvtres.read.1.tlog
C:\Users\Lenovo\documents\visual studio 2010\Projects\Simple_Calculator\Simple_Calculator\Debug\link.24508-cvtres.write.1.tlog
C:\Users\Lenovo\documents\visual studio 2010\Projects\Simple_Calculator\Simple_Calculator\Debug\link.28264.read.1.tlog
C:\Users\Lenovo\documents\visual studio 2010\Projects\Simple_Calculator\Simple_Calculator\Debug\link.28264.write.1.tlog
C:\Users\Lenovo\documents\visual studio 2010\Projects\Simple_Calculator\Simple_Calculator\Debug\link.28264-cvtres.read.1.tlog
C:\Users\Lenovo\documents\visual studio 2010\Projects\Simple_Calculator\Simple_Calculator\Debug\link.28264-cvtres.write.1.tlog
C:\Users\Lenovo\documents\visual studio 2010\Projects\Simple_Calculator\Simple_Calculator\Debug\link.28988.read.1.tlog
C:\Users\Lenovo\documents\visual studio 2010\Projects\Simple_Calculator\Simple_Calculator\Debug\link.28988.write.1.tlog
C:\Users\Lenovo\documents\visual studio 2010\Projects\Simple_Calculator\Simple_Calculator\Debug\link.28988-cvtres.read.1.tlog
C:\Users\Lenovo\documents\visual studio 2010\Projects\Simple_Calculator\Simple_Calculator\Debug\link.28988-cvtres.write.1.tlog
C:\Users\Lenovo\documents\visual studio 2010\Projects\Simple_Calculator\Simple_Calculator\Debug\link.29288.read.1.tlog
C:\Users\Lenovo\documents\visual studio 2010\Projects\Simple_Calculator\Simple_Calculator\Debug\link.29288.write.1.tlog
C:\Users\Lenovo\documents\visual studio 2010\Projects\Simple_Calculator\Simple_Calculator\Debug\link.29288-cvtres.read.1.tlog
C:\Users\Lenovo\documents\visual studio 2010\Projects\Simple_Calculator\Simple_Calculator\Debug\link.29288-cvtres.write.1.tlog
C:\Users\Lenovo\documents\visual studio 2010\Projects\Simple_Calculator\Simple_Calculator\Debug\link.29396.read.1.tlog
C:\Users\Lenovo\documents\visual studio 2010\Projects\Simple_Calculator\Simple_Calculator\Debug\link.29396.write.1.tlog
C:\Users\Lenovo\documents\visual studio 2010\Projects\Simple_Calculator\Simple_Calculator\Debug\link.29396-cvtres.read.1.tlog
C:\Users\Lenovo\documents\visual studio 2010\Projects\Simple_Calculator\Simple_Calculator\Debug\link.29396-cvtres.write.1.tlog
C:\Users\Lenovo\documents\visual studio 2010\Projects\Simple_Calculator\Simple_Calculator\Debug\link.3040.read.1.tlog
C:\Users\Lenovo\documents\visual studio 2010\Projects\Simple_Calculator\Simple_Calculator\Debug\link.3040.write.1.tlog
C:\Users\Lenovo\documents\visual studio 2010\Projects\Simple_Calculator\Simple_Calculator\Debug\link.3040-cvtres.read.1.tlog
C:\Users\Lenovo\documents\visual studio 2010\Projects\Simple_Calculator\Simple_Calculator\Debug\link.3040-cvtres.write.1.tlog
C:\Users\Lenovo\documents\visual studio 2010\Projects\Simple_Calculator\Simple_Calculator\Debug\link.30816.read.1.tlog
C:\Users\Lenovo\documents\visual studio 2010\Projects\Simple_Calculator\Simple_Calculator\Debug\link.30816.write.1.tlog
C:\Users\Lenovo\documents\visual studio 2010\Projects\Simple_Calculator\Simple_Calculator\Debug\link.30816-cvtres.read.1.tlog
C:\Users\Lenovo\documents\visual studio 2010\Projects\Simple_Calculator\Simple_Calculator\Debug\link.30816-cvtres.write.1.tlog
C:\Users\Lenovo\documents\visual studio 2010\Projects\Simple_Calculator\Simple_Calculator\Debug\link.31296.read.1.tlog
C:\Users\Lenovo\documents\visual studio 2010\Projects\Simple_Calculator\Simple_Calculator\Debug\link.31296.write.1.tlog
C:\Users\Lenovo\documents\visual studio 2010\Projects\Simple_Calculator\Simple_Calculator\Debug\link.31296-cvtres.read.1.tlog
C:\Users\Lenovo\documents\visual studio 2010\Projects\Simple_Calculator\Simple_Calculator\Debug\link.31296-cvtres.write.1.tlog
C:\Users\Lenovo\documents\visual studio 2010\Projects\Simple_Calculator\Simple_Calculator\Debug\link.31304.read.1.tlog
C:\Users\Lenovo\documents\visual studio 2010\Projects\Simple_Calculator\Simple_Calculator\Debug\link.31304.write.1.tlog
C:\Users\Lenovo\documents\visual studio 2010\Projects\Simple_Calculator\Simple_Calculator\Debug\link.31304-cvtres.read.1.tlog
C:\Users\Lenovo\documents\visual studio 2010\Projects\Simple_Calculator\Simple_Calculator\Debug\link.31304-cvtres.write.1.tlog
C:\Users\Lenovo\documents\visual studio 2010\Projects\Simple_Calculator\Simple_Calculator\Debug\link.31568.read.1.tlog
C:\Users\Lenovo\documents\visual studio 2010\Projects\Simple_Calculator\Simple_Calculator\Debug\link.31568.write.1.tlog
C:\Users\Lenovo\documents\visual studio 2010\Projects\Simple_Calculator\Simple_Calculator\Debug\link.31568-cvtres.read.1.tlog
C:\Users\Lenovo\documents\visual studio 2010\Projects\Simple_Calculator\Simple_Calculator\Debug\link.31568-cvtres.write.1.tlog
C:\Users\Lenovo\documents\visual studio 2010\Projects\Simple_Calculator\Simple_Calculator\Debug\link.5960.read.1.tlog
C:\Users\Lenovo\documents\visual studio 2010\Projects\Simple_Calculator\Simple_Calculator\Debug\link.5960.write.1.tlog
C:\Users\Lenovo\documents\visual studio 2010\Projects\Simple_Calculator\Simple_Calculator\Debug\link.5960-cvtres.read.1.tlog
C:\Users\Lenovo\documents\visual studio 2010\Projects\Simple_Calculator\Simple_Calculator\Debug\link.5960-cvtres.write.1.tlog
C:\Users\Lenovo\documents\visual studio 2010\Projects\Simple_Calculator\Simple_Calculator\Debug\link.6008.read.1.tlog
C:\Users\Lenovo\documents\visual studio 2010\Projects\Simple_Calculator\Simple_Calculator\Debug\link.6008.write.1.tlog
C:\Users\Lenovo\documents\visual studio 2010\Projects\Simple_Calculator\Simple_Calculator\Debug\link.6008-cvtres.read.1.tlog
C:\Users\Lenovo\documents\visual studio 2010\Projects\Simple_Calculator\Simple_Calculator\Debug\link.6008-cvtres.write.1.tlog
C:\Users\Lenovo\documents\visual studio 2010\Projects\Simple_Calculator\Simple_Calculator\Debug\link.7264.read.1.tlog
C:\Users\Lenovo\documents\visual studio 2010\Projects\Simple_Calculator\Simple_Calculator\Debug\link.7264.write.1.tlog
C:\Users\Lenovo\documents\visual studio 2010\Projects\Simple_Calculator\Simple_Calculator\Debug\link.7264-cvtres.read.1.tlog
C:\Users\Lenovo\documents\visual studio 2010\Projects\Simple_Calculator\Simple_Calculator\Debug\link.7264-cvtres.write.1.tlog
C:\Users\Lenovo\documents\visual studio 2010\Projects\Simple_Calculator\Simple_Calculator\Debug\link.9392.read.1.tlog
C:\Users\Lenovo\documents\visual studio 2010\Projects\Simple_Calculator\Simple_Calculator\Debug\link.9392.write.1.tlog
C:\Users\Lenovo\documents\visual studio 2010\Projects\Simple_Calculator\Simple_Calculator\Debug\link.9392-cvtres.read.1.tlog
C:\Users\Lenovo\documents\visual studio 2010\Projects\Simple_Calculator\Simple_Calculator\Debug\link.9392-cvtres.write.1.tlog
C:\Users\Lenovo\documents\visual studio 2010\Projects\Simple_Calculator\Simple_Calculator\Debug\link.command.1.tlog
C:\Users\Lenovo\documents\visual studio 2010\Projects\Simple_Calculator\Simple_Calculator\Debug\link.read.1.tlog
C:\Users\Lenovo\documents\visual studio 2010\Projects\Simple_Calculator\Simple_Calculator\Debug\link.write.1.tlog
C:\Users\Lenovo\documents\visual studio 2010\Projects\Simple_Calculator\Simple_Calculator\Debug\mt.command.1.tlog
C:\Users\Lenovo\documents\visual studio 2010\Projects\Simple_Calculator\Simple_Calculator\Debug\mt.read.1.tlog
C:\Users\Lenovo\documents\visual studio 2010\Projects\Simple_Calculator\Simple_Calculator\Debug\mt.write.1.tlog
C:\Users\Lenovo\documents\visual studio 2010\Projects\Simple_Calculator\Simple_Calculator\Debug\rc.command.1.tlog
C:\Users\Lenovo\documents\visual studio 2010\Projects\Simple_Calculator\Simple_Calculator\Debug\rc.read.1.tlog
C:\Users\Lenovo\documents\visual studio 2010\Projects\Simple_Calculator\Simple_Calculator\Debug\rc.write.1.tlog
C:\USERS\LENOVO\DOCUMENTS\VISUAL STUDIO 2010\PROJECTS\SIMPLE_CALCULATOR\SIMPLE_CALCULATOR\DEBUG\SIMPLE_CALCULATOR.EXE.INTERMEDIATE.MANIFEST
C:\Users\Lenovo\documents\visual studio 2010\Projects\Simple_Calculator\Simple_Calculator\Debug\Simple_Calculator.Form1.resources
C:\Users\Lenovo\documents\visual studio 2010\Projects\Simple_Calculator\Simple_Calculator\Debug\Simple_Calculator.obj
C:\USERS\LENOVO\DOCUMENTS\VISUAL STUDIO 2010\PROJECTS\SIMPLE_CALCULATOR\SIMPLE_CALCULATOR\DEBUG\SIMPLE_CALCULATOR.PCH
C:\Users\Lenovo\documents\visual studio 2010\Projects\Simple_Calculator\Simple_Calculator\Debug\Simple_Calculator.vcxproj.GenerateResource.Cache
C:\Users\Lenovo\documents\visual studio 2010\Projects\Simple_Calculator\Simple_Calculator\Debug\Simple_Calculator.vcxprojResolveAssemblyReference.cache
C:\Users\Lenovo\documents\visual studio 2010\Projects\Simple_Calculator\Simple_Calculator\Debug\Simple_Calculator.write.1.tlog
C:\USERS\LENOVO\DOCUMENTS\VISUAL STUDIO 2010\PROJECTS\SIMPLE_CALCULATOR\SIMPLE_CALCULATOR\DEBUG\STDAFX.OBJ
C:\USERS\LENOVO\DOCUMENTS\VISUAL STUDIO 2010\PROJECTS\SIMPLE_CALCULATOR\SIMPLE_CALCULATOR\DEBUG\VC100.PDB
